<?xml version="1.0" encoding="UTF-8"?>
<!-- Generated by org.testng.reporters.JUnitReportReporter -->
<testsuite hostname="Arvind" failures="0" tests="20" name="api.tests.DDTest" time="1.807" errors="0" timestamp="2024-07-15T13:04:02 IST" skipped="0">
  <testcase classname="api.tests.DDTest" name="postUser" time="0.027"/>
  <system-out/>
  <testcase classname="api.tests.DDTest" name="postUser" time="0.021"/>
  <system-out/>
  <testcase classname="api.tests.DDTest" name="postUser" time="0.030"/>
  <system-out/>
  <testcase classname="api.tests.DDTest" name="postUser" time="0.020"/>
  <system-out/>
  <testcase classname="api.tests.DDTest" name="postUser" time="1.367"/>
  <system-out/>
  <testcase classname="api.tests.DDTest" name="postUser" time="0.013"/>
  <system-out/>
  <testcase classname="api.tests.DDTest" name="postUser" time="0.018"/>
  <system-out/>
  <testcase classname="api.tests.DDTest" name="postUser" time="0.019"/>
  <system-out/>
  <testcase classname="api.tests.DDTest" name="postUser" time="0.020"/>
  <system-out/>
  <testcase classname="api.tests.DDTest" name="postUser" time="0.026"/>
  <system-out/>
  <testcase classname="api.tests.DDTest" name="deleteUser" time="0.021"/>
  <system-out/>
  <testcase classname="api.tests.DDTest" name="deleteUser" time="0.016"/>
  <system-out/>
  <testcase classname="api.tests.DDTest" name="deleteUser" time="0.027"/>
  <system-out/>
  <testcase classname="api.tests.DDTest" name="deleteUser" time="0.014"/>
  <system-out/>
  <testcase classname="api.tests.DDTest" name="deleteUser" time="0.019"/>
  <system-out/>
  <testcase classname="api.tests.DDTest" name="deleteUser" time="0.084"/>
  <system-out/>
  <testcase classname="api.tests.DDTest" name="deleteUser" time="0.014"/>
  <system-out/>
  <testcase classname="api.tests.DDTest" name="deleteUser" time="0.017"/>
  <system-out/>
  <testcase classname="api.tests.DDTest" name="deleteUser" time="0.017"/>
  <system-out/>
  <testcase classname="api.tests.DDTest" name="deleteUser" time="0.017"/>
  <system-out/>
</testsuite> <!-- api.tests.DDTest -->
