<?xml version="1.0" encoding="UTF-8"?>
<!-- Generated by org.testng.reporters.JUnitReportReporter -->
<testsuite hostname="Arvind" failures="0" tests="4" name="api.tests.EmployeeTests2" time="1.443" errors="0" timestamp="2024-07-15T16:16:52 IST" skipped="0">
  <testcase classname="api.tests.EmployeeTests2" name="testPostUser" time="1.350"/>
  <system-out/>
  <testcase classname="api.tests.EmployeeTests2" name="testgetUser" time="0.033"/>
  <system-out/>
  <testcase classname="api.tests.EmployeeTests2" name="testPutUser" time="0.040"/>
  <system-out/>
  <testcase classname="api.tests.EmployeeTests2" name="testDeleteUser" time="0.020"/>
  <system-out/>
</testsuite> <!-- api.tests.EmployeeTests2 -->
