<?xml version="1.0" encoding="UTF-8"?>
<!-- Generated by org.testng.reporters.JUnitReportReporter -->
<testsuite hostname="Arvind" failures="0" tests="1" name="api.utilities.DataProviders" time="2.087" errors="0" timestamp="2024-07-15T12:37:54 IST" skipped="0">
  <testcase classname="api.utilities.DataProviders" name="getAllData" time="2.087"/>
  <system-out/>
</testsuite> <!-- api.utilities.DataProviders -->
