<?xml version="1.0" encoding="UTF-8"?>
<!-- Generated by org.testng.reporters.JUnitReportReporter -->
<testsuite hostname="Arvind" failures="0" tests="4" name="api.tests.EmployeeTests" time="1.475" errors="0" timestamp="2024-07-15T15:49:33 IST" skipped="0">
  <testcase classname="api.tests.EmployeeTests" name="testPostUser" time="1.394"/>
  <system-out/>
  <testcase classname="api.tests.EmployeeTests" name="testgetUser" time="0.041"/>
  <system-out/>
  <testcase classname="api.tests.EmployeeTests" name="testPutUser" time="0.020"/>
  <system-out/>
  <testcase classname="api.tests.EmployeeTests" name="testDeleteUser" time="0.020"/>
  <system-out/>
</testsuite> <!-- api.tests.EmployeeTests -->
