<?xml version="1.0" encoding="UTF-8"?>
<!-- Generated by org.testng.reporters.JUnitReportReporter -->
<testsuite hostname="Arvind" failures="0" tests="4" name="api.tests.EmployeeTests" time="1.651" errors="0" timestamp="2024-07-15T17:03:17 IST" skipped="0">
  <testcase classname="api.tests.EmployeeTests" name="testPostUser" time="1.555"/>
  <testcase classname="api.tests.EmployeeTests" name="testgetUser" time="0.058"/>
  <testcase classname="api.tests.EmployeeTests" name="testPutUser" time="0.023"/>
  <testcase classname="api.tests.EmployeeTests" name="testDeleteUser" time="0.015"/>
</testsuite> <!-- api.tests.EmployeeTests -->
